$file_path: /home/pttcnetwork/public_html/dev/wp-content/uploads/2025/06/certificate___Tim Hill_45636.pdf
$file_path: /home/pttcnetwork/public_html/dev/wp-content/uploads/2025/06/certificate___Tim Hill_45636.pdf
$file_path: /home/pttcnetwork/public_html/dev/wp-content/uploads/2025/07/certificate_20250724__Stephen Jackson_45674.pdf
$file_path: /home/pttcnetwork/public_html/dev/wp-content/uploads/2025/07/certificate_20250622__Tim Hill_45669.pdf
$file_path: /home/pttcnetwork/public_html/dev/wp-content/uploads/2025/07/certificate_20250724__Stephen Jackson_45674.pdf
$file_path: /home/pttcnetwork/public_html/dev/wp-content/uploads/2025/08/certificate_20250731__Tim Hill_45683.pdf
$file_path: /home/pttcnetwork/public_html/dev/wp-content/uploads/2025/08/certificate_20250731__Tim Hill_45683.pdf
$file_path: /home/pttcnetwork/public_html/dev/wp-content/uploads/2025/08/certificate_20250731__Tim Hill_45683.pdf
$file_path: /home/attcnetwork/public_html/wp-content/uploads/2025/08/certificate_20250731__Tim Hill_47466.pdf
$file_path: /home/attcnetwork/public_html/wp-content/uploads/2025/08/certificate_20250731__Tim Hill_47466.pdf
$file_path: /home/attcnetwork/public_html/wp-content/uploads/2025/08/certificate_20250731__Tim Hill_47466.pdf
$file_path: /home/attcnetwork/public_html/wp-content/uploads/2025/08/certificate_20250731__Tim Hill_47466.pdf
$file_path: /home/attcnetwork/public_html/wp-content/uploads/2025/08/certificate_20250805__Meg Brunner_47524.pdf
$file_path: /home/attcnetwork/public_html/wp-content/uploads/2025/08/certificate_20250805__Meg Brunner_47524.pdf
$file_path: /home/attcnetwork/public_html/wp-content/uploads/2025/08/certificate_20250806__Meg Brunner_47533.pdf
$file_path: /home/attcnetwork/public_html/wp-content/uploads/2025/08/certificate_20250806__Meg Wood_47533.pdf
$file_path: /home/attcnetwork/public_html/wp-content/uploads/2025/08/certificate_20250806__Meg Wood-Brunner_47533.pdf
$file_path: /home/attcnetwork/public_html/wp-content/uploads/2025/08/certificate_20250806__Meg Brunner_47533.pdf
$file_path: /home/attcnetwork/public_html/wp-content/uploads/2025/08/certificate_20250806__Mandi Nugent_47533.pdf
$file_path: /home/attcnetwork/public_html/wp-content/uploads/2025/08/certificate_20250806__Jennifer Verbeck_47533.pdf
$file_path: /home/attcnetwork/public_html/wp-content/uploads/2025/08/certificate_20250806__Lindsay Worth_47533.pdf
$file_path: /home/attcnetwork/public_html/wp-content/uploads/2025/08/certificate_20250829__Tri Chaple_47549.pdf
$file_path: /home/attcnetwork/public_html/wp-content/uploads/2025/08/certificate_20250829__Tri Chaple_47549.pdf
$file_path: /home/attcnetwork/public_html/wp-content/uploads/2025/08/certificate_20250829__Tri Chaple_47549.pdf
$file_path: /home/attcnetwork/public_html/wp-content/uploads/2025/08/certificate_20250829__Tri Chaple_47549.pdf
$file_path: /home/attcnetwork/public_html/wp-content/uploads/2025/08/certificate_20250829__Tri Chaple_47549.pdf
$file_path: /home/attcnetwork/public_html/wp-content/uploads/2025/08/certificate_20250829__Tri Chaple_47549.pdf
$file_path: /home/attcnetwork/public_html/wp-content/uploads/2025/08/certificate_20250829__Tri Chaple_47549.pdf
$file_path: /home/attcnetwork/public_html/wp-content/uploads/2025/08/certificate_20250829__Tri Chaple_47549.pdf
$file_path: /home/attcnetwork/public_html/wp-content/uploads/2025/08/certificate_20250829__Tri Chaple_47549.pdf
$file_path: /home/attcnetwork/public_html/wp-content/uploads/2025/08/certificate_20250829__Tri Chaple_47549.pdf
$file_path: /home/attcnetwork/public_html/wp-content/uploads/2025/08/certificate_20250829__Tri Chaple_47549.pdf
$file_path: /home/attcnetwork/public_html/wp-content/uploads/2025/08/certificate_20250829__Tri Chaple_47549.pdf
$file_path: /home/attcnetwork/public_html/wp-content/uploads/2025/08/certificate_20250801__Tri Chaple_47858.pdf
$file_path: /home/attcnetwork/public_html/wp-content/uploads/2025/08/certificate_20250801__Tri Chaple_47858.pdf
$file_path: /home/attcnetwork/public_html/wp-content/uploads/2025/08/certificate_20250801__Tri Chaple_47858.pdf
$file_path: /home/attcnetwork/public_html/wp-content/uploads/2025/08/certificate_20250801__Tri Chaple_47892.pdf
$file_path: /home/attcnetwork/public_html/wp-content/uploads/2025/08/certificate_20250801__Tri Chaple_47892.pdf
$file_path: /home/attcnetwork/public_html/wp-content/uploads/2025/08/certificate_20250801__Tim Hill_47892.pdf
$file_path: /home/attcnetwork/public_html/wp-content/uploads/2025/11/certificate_20251118__Stephen Jackson_49516.pdf
$file_path: /home/attcnetwork/public_html/wp-content/uploads/2025/11/certificate_20251118__Stephen Jackson_49516.pdf
$file_path: /home/attcnetwork/public_html/wp-content/uploads/2025/07/certificate_20250622__Tim Hill_47463.pdf
$file_path: /home/attcnetwork/public_html/wp-content/uploads/2025/11/certificate_20251119__Stephen Jackson_49561.pdf
$file_path: /home/attcnetwork/public_html/wp-content/uploads/2025/11/certificate_20251119__Stephen Jackson_49561.pdf
$file_path: /home/attcnetwork/public_html/wp-content/uploads/2025/11/certificate_20251119__Stephen Jackson_49561.pdf
$file_path: /home/attcnetwork/public_html/wp-content/uploads/2025/11/certificate_20251119__Stephen Jackson_49561.pdf
